0 info it worked if it ends with ok
1 verbose cli [ '/usr/bin/nodejs', '/usr/bin/npm', 'install', 'datatables.net' ]
2 info using npm@1.3.10
3 info using node@v0.10.25
4 verbose cache add [ 'datatables.net', null ]
5 verbose cache add name=undefined spec="datatables.net" args=["datatables.net",null]
6 verbose parsed url { protocol: null,
6 verbose parsed url   slashes: null,
6 verbose parsed url   auth: null,
6 verbose parsed url   host: null,
6 verbose parsed url   port: null,
6 verbose parsed url   hostname: null,
6 verbose parsed url   hash: null,
6 verbose parsed url   search: null,
6 verbose parsed url   query: null,
6 verbose parsed url   pathname: 'datatables.net',
6 verbose parsed url   path: 'datatables.net',
6 verbose parsed url   href: 'datatables.net' }
7 silly lockFile cbab6af9-datatables-net datatables.net
8 verbose lock datatables.net /home/emisf10/.npm/cbab6af9-datatables-net.lock
9 silly lockFile cbab6af9-datatables-net datatables.net
10 silly lockFile cbab6af9-datatables-net datatables.net
11 verbose addNamed [ 'datatables.net', '' ]
12 verbose addNamed [ null, '*' ]
13 silly lockFile 135906af-datatables-net datatables.net@
14 verbose lock datatables.net@ /home/emisf10/.npm/135906af-datatables-net.lock
15 silly addNameRange { name: 'datatables.net', range: '*', hasData: false }
16 verbose url raw datatables.net
17 verbose url resolving [ 'https://registry.npmjs.org/', './datatables.net' ]
18 verbose url resolved https://registry.npmjs.org/datatables.net
19 info trying registry request attempt 1 at 11:18:01
20 http GET https://registry.npmjs.org/datatables.net
21 info retry will retry, error on last attempt: Error: tunneling socket could not be established, cause=139924457932672:error:140770FC:SSL routines:SSL23_GET_SERVER_HELLO:unknown protocol:s23_clnt.c:795:
22 info trying registry request attempt 2 at 11:18:11
23 http GET https://registry.npmjs.org/datatables.net
24 info retry will retry, error on last attempt: Error: tunneling socket could not be established, cause=139924457932672:error:140770FC:SSL routines:SSL23_GET_SERVER_HELLO:unknown protocol:s23_clnt.c:795:
25 info trying registry request attempt 3 at 11:19:11
26 http GET https://registry.npmjs.org/datatables.net
27 silly lockFile 135906af-datatables-net datatables.net@
28 silly lockFile 135906af-datatables-net datatables.net@
29 error network tunneling socket could not be established, cause=139924457932672:error:140770FC:SSL routines:SSL23_GET_SERVER_HELLO:unknown protocol:s23_clnt.c:795:
29 error network
29 error network This is most likely not a problem with npm itself
29 error network and is related to network connectivity.
29 error network In most cases you are behind a proxy or have bad network settings.
29 error network
29 error network If you are behind a proxy, please make sure that the
29 error network 'proxy' config is set properly.  See: 'npm help config'
30 error System Linux 3.13.0-87-generic
31 error command "/usr/bin/nodejs" "/usr/bin/npm" "install" "datatables.net"
32 error cwd /home/emisf10/Desktop/pro/matpro
33 error node -v v0.10.25
34 error npm -v 1.3.10
35 error code ECONNRESET
36 verbose exit [ 1, true ]
